<?xml version="1.0" encoding="UTF-8"?>
<!-- Generated by org.testng.reporters.JUnitReportReporter -->
<testsuite hostname="Thinkpad" failures="0" tests="1" name="org.Sudhir.Tests.SubmitOrderTest" time="17.043" errors="0" timestamp="2025-04-14T08:02:53 EDT" skipped="0">
  <testcase classname="org.Sudhir.Tests.SubmitOrderTest" name="SubmitOrder" time="17.043"/>
</testsuite> <!-- org.Sudhir.Tests.SubmitOrderTest -->
